# JRE version: OpenJDK Runtime Environment Temurin-17.0.13+11 (17.0.13+11) (build 17.0.13+11)
# Java VM: OpenJDK 64-Bit Server VM Temurin-17.0.13+11 (17.0.13+11, mixed mode, tiered, compressed oops, compressed class ptrs, parallel gc, windows-amd64)
GC Precious Log:
 CPUs: 8 total, 8 available
 Memory: 8006M
 Large Page Support: Disabled
 NUMA Support: Disabled
 Compressed Oops: Enabled (32-bit)
 Alignments: Space 512K, Generation 512K, Heap 2M
 Heap Min Capacity: 100M
 Heap Initial Capacity: 100M
 Heap Max Capacity: 1G
 Pre-touch: Disabled
 Parallel Workers: 8
Heap:
 PSYoungGen      total 75264K, used 73407K [0x00000000eab00000, 0x00000000f2080000, 0x0000000100000000)
  eden space 30720K, 93% used [0x00000000eab00000,0x00000000ec733200,0x00000000ec900000)
  from space 44544K, 99% used [0x00000000ef500000,0x00000000f207cc98,0x00000000f2080000)
  to   space 41984K, 0% used [0x00000000ec900000,0x00000000ec900000,0x00000000ef200000)
 ParOldGen       total 699392K, used 488850K [0x00000000c0000000, 0x00000000eab00000, 0x00000000eab00000)
  object space 699392K, 69% used [0x00000000c0000000,0x00000000ddd649e0,0x00000000eab00000)
 Metaspace       used 76855K, committed 78208K, reserved 1179648K
  class space    used 8162K, committed 8768K, reserved 1048576K
GC Heap History (20 events):
Event: 56.412 GC heap before
{Heap before GC invocations=278 (full 71):
 PSYoungGen      total 75264K, used 48447K [0x00000000eab00000, 0x00000000f2100000, 0x0000000100000000)
  eden space 39936K, 99% used [0x00000000eab00000,0x00000000ed1ffff8,0x00000000ed200000)
  from space 35328K, 24% used [0x00000000ed200000,0x00000000eda4fe18,0x00000000ef480000)
  to   space 37888K, 0% used [0x00000000efc00000,0x00000000efc00000,0x00000000f2100000)
 ParOldGen       total 455680K, used 455179K [0x00000000c0000000, 0x00000000dbd00000, 0x00000000eab00000)
  object space 455680K, 99% used [0x00000000c0000000,0x00000000dbc82ea0,0x00000000dbd00000)
 Metaspace       used 76755K, committed 78144K, reserved 1179648K
  class space    used 8160K, committed 8768K, reserved 1048576K
}
Event: 56.669 GC heap after
{Heap after GC invocations=278 (full 71):
 PSYoungGen      total 75264K, used 48447K [0x00000000eab00000, 0x00000000f2100000, 0x0000000100000000)
  eden space 39936K, 99% used [0x00000000eab00000,0x00000000ed1fffb0,0x00000000ed200000)
  from space 35328K, 24% used [0x00000000ed200000,0x00000000eda4fe18,0x00000000ef480000)
  to   space 37888K, 0% used [0x00000000efc00000,0x00000000efc00000,0x00000000f2100000)
 ParOldGen       total 455680K, used 455177K [0x00000000c0000000, 0x00000000dbd00000, 0x00000000eab00000)
  object space 455680K, 99% used [0x00000000c0000000,0x00000000dbc82438,0x00000000dbd00000)
 Metaspace       used 76755K, committed 78144K, reserved 1179648K
  class space    used 8160K, committed 8768K, reserved 1048576K
}
Event: 56.669 GC heap before
{Heap before GC invocations=279 (full 72):
 PSYoungGen      total 75264K, used 48447K [0x00000000eab00000, 0x00000000f2100000, 0x0000000100000000)
  eden space 39936K, 99% used [0x00000000eab00000,0x00000000ed1ffff0,0x00000000ed200000)
  from space 35328K, 24% used [0x00000000ed200000,0x00000000eda4fe18,0x00000000ef480000)
  to   space 37888K, 0% used [0x00000000efc00000,0x00000000efc00000,0x00000000f2100000)
 ParOldGen       total 455680K, used 455177K [0x00000000c0000000, 0x00000000dbd00000, 0x00000000eab00000)
  object space 455680K, 99% used [0x00000000c0000000,0x00000000dbc82438,0x00000000dbd00000)
 Metaspace       used 76755K, committed 78144K, reserved 1179648K
  class space    used 8160K, committed 8768K, reserved 1048576K
}
Event: 56.895 GC heap after
{Heap after GC invocations=279 (full 72):
 PSYoungGen      total 75264K, used 48447K [0x00000000eab00000, 0x00000000f2100000, 0x0000000100000000)
  eden space 39936K, 99% used [0x00000000eab00000,0x00000000ed1fffb0,0x00000000ed200000)
  from space 35328K, 24% used [0x00000000ed200000,0x00000000eda4fe18,0x00000000ef480000)
  to   space 37888K, 0% used [0x00000000efc00000,0x00000000efc00000,0x00000000f2100000)
 ParOldGen       total 455680K, used 455177K [0x00000000c0000000, 0x00000000dbd00000, 0x00000000eab00000)
  object space 455680K, 99% used [0x00000000c0000000,0x00000000dbc82418,0x00000000dbd00000)
 Metaspace       used 76755K, committed 78144K, reserved 1179648K
  class space    used 8160K, committed 8768K, reserved 1048576K
}
Event: 56.896 GC heap before
{Heap before GC invocations=280 (full 73):
 PSYoungGen      total 75264K, used 48447K [0x00000000eab00000, 0x00000000f2100000, 0x0000000100000000)
  eden space 39936K, 100% used [0x00000000eab00000,0x00000000ed200000,0x00000000ed200000)
  from space 35328K, 24% used [0x00000000ed200000,0x00000000eda4fe18,0x00000000ef480000)
  to   space 37888K, 0% used [0x00000000efc00000,0x00000000efc00000,0x00000000f2100000)
 ParOldGen       total 455680K, used 455177K [0x00000000c0000000, 0x00000000dbd00000, 0x00000000eab00000)
  object space 455680K, 99% used [0x00000000c0000000,0x00000000dbc82418,0x00000000dbd00000)
 Metaspace       used 76755K, committed 78144K, reserved 1179648K
  class space    used 8160K, committed 8768K, reserved 1048576K
}
Event: 57.122 GC heap after
{Heap after GC invocations=280 (full 73):
 PSYoungGen      total 75264K, used 48447K [0x00000000eab00000, 0x00000000f2100000, 0x0000000100000000)
  eden space 39936K, 99% used [0x00000000eab00000,0x00000000ed1fffd0,0x00000000ed200000)
  from space 35328K, 24% used [0x00000000ed200000,0x00000000eda4fe18,0x00000000ef480000)
  to   space 37888K, 0% used [0x00000000efc00000,0x00000000efc00000,0x00000000f2100000)
 ParOldGen       total 455680K, used 455177K [0x00000000c0000000, 0x00000000dbd00000, 0x00000000eab00000)
  object space 455680K, 99% used [0x00000000c0000000,0x00000000dbc82418,0x00000000dbd00000)
 Metaspace       used 76755K, committed 78144K, reserved 1179648K
  class space    used 8160K, committed 8768K, reserved 1048576K
}
Event: 57.122 GC heap before
{Heap before GC invocations=281 (full 74):
 PSYoungGen      total 75264K, used 48447K [0x00000000eab00000, 0x00000000f2100000, 0x0000000100000000)
  eden space 39936K, 99% used [0x00000000eab00000,0x00000000ed1ffff8,0x00000000ed200000)
  from space 35328K, 24% used [0x00000000ed200000,0x00000000eda4fe18,0x00000000ef480000)
  to   space 37888K, 0% used [0x00000000efc00000,0x00000000efc00000,0x00000000f2100000)
 ParOldGen       total 455680K, used 455177K [0x00000000c0000000, 0x00000000dbd00000, 0x00000000eab00000)
  object space 455680K, 99% used [0x00000000c0000000,0x00000000dbc82418,0x00000000dbd00000)
 Metaspace       used 76755K, committed 78144K, reserved 1179648K
  class space    used 8160K, committed 8768K, reserved 1048576K
}
Event: 57.337 GC heap after
{Heap after GC invocations=281 (full 74):
 PSYoungGen      total 75264K, used 48447K [0x00000000eab00000, 0x00000000f2100000, 0x0000000100000000)
  eden space 39936K, 99% used [0x00000000eab00000,0x00000000ed1fffc8,0x00000000ed200000)
  from space 35328K, 24% used [0x00000000ed200000,0x00000000eda4fe18,0x00000000ef480000)
  to   space 37888K, 0% used [0x00000000efc00000,0x00000000efc00000,0x00000000f2100000)
 ParOldGen       total 455680K, used 455176K [0x00000000c0000000, 0x00000000dbd00000, 0x00000000eab00000)
  object space 455680K, 99% used [0x00000000c0000000,0x00000000dbc823a8,0x00000000dbd00000)
 Metaspace       used 76755K, committed 78144K, reserved 1179648K
  class space    used 8160K, committed 8768K, reserved 1048576K
}
Event: 57.337 GC heap before
{Heap before GC invocations=282 (full 75):
 PSYoungGen      total 75264K, used 48447K [0x00000000eab00000, 0x00000000f2100000, 0x0000000100000000)
  eden space 39936K, 100% used [0x00000000eab00000,0x00000000ed200000,0x00000000ed200000)
  from space 35328K, 24% used [0x00000000ed200000,0x00000000eda4fe18,0x00000000ef480000)
  to   space 37888K, 0% used [0x00000000efc00000,0x00000000efc00000,0x00000000f2100000)
 ParOldGen       total 455680K, used 455176K [0x00000000c0000000, 0x00000000dbd00000, 0x00000000eab00000)
  object space 455680K, 99% used [0x00000000c0000000,0x00000000dbc823a8,0x00000000dbd00000)
 Metaspace       used 76755K, committed 78144K, reserved 1179648K
  class space    used 8160K, committed 8768K, reserved 1048576K
}
Event: 57.555 GC heap after
{Heap after GC invocations=282 (full 75):
 PSYoungGen      total 75264K, used 48447K [0x00000000eab00000, 0x00000000f2100000, 0x0000000100000000)
  eden space 39936K, 100% used [0x00000000eab00000,0x00000000ed200000,0x00000000ed200000)
  from space 35328K, 24% used [0x00000000ed200000,0x00000000eda4fe18,0x00000000ef480000)
  to   space 37888K, 0% used [0x00000000efc00000,0x00000000efc00000,0x00000000f2100000)
 ParOldGen       total 455680K, used 455176K [0x00000000c0000000, 0x00000000dbd00000, 0x00000000eab00000)
  object space 455680K, 99% used [0x00000000c0000000,0x00000000dbc823a8,0x00000000dbd00000)
 Metaspace       used 76755K, committed 78144K, reserved 1179648K
  class space    used 8160K, committed 8768K, reserved 1048576K
}
Event: 57.555 GC heap before
{Heap before GC invocations=283 (full 76):
 PSYoungGen      total 75264K, used 48447K [0x00000000eab00000, 0x00000000f2100000, 0x0000000100000000)
  eden space 39936K, 100% used [0x00000000eab00000,0x00000000ed200000,0x00000000ed200000)
  from space 35328K, 24% used [0x00000000ed200000,0x00000000eda4fe18,0x00000000ef480000)
  to   space 37888K, 0% used [0x00000000efc00000,0x00000000efc00000,0x00000000f2100000)
 ParOldGen       total 455680K, used 455179K [0x00000000c0000000, 0x00000000dbd00000, 0x00000000eab00000)
  object space 455680K, 99% used [0x00000000c0000000,0x00000000dbc82ee8,0x00000000dbd00000)
 Metaspace       used 76755K, committed 78144K, reserved 1179648K
  class space    used 8160K, committed 8768K, reserved 1048576K
}
Event: 57.822 GC heap after
{Heap after GC invocations=283 (full 76):
 PSYoungGen      total 75264K, used 48447K [0x00000000eab00000, 0x00000000f2100000, 0x0000000100000000)
  eden space 39936K, 99% used [0x00000000eab00000,0x00000000ed1fffe8,0x00000000ed200000)
  from space 35328K, 24% used [0x00000000ed200000,0x00000000eda4fe18,0x00000000ef480000)
  to   space 37888K, 0% used [0x00000000efc00000,0x00000000efc00000,0x00000000f2100000)
 ParOldGen       total 455680K, used 455178K [0x00000000c0000000, 0x00000000dbd00000, 0x00000000eab00000)
  object space 455680K, 99% used [0x00000000c0000000,0x00000000dbc82a28,0x00000000dbd00000)
 Metaspace       used 76755K, committed 78144K, reserved 1179648K
  class space    used 8160K, committed 8768K, reserved 1048576K
}
Event: 57.823 GC heap before
{Heap before GC invocations=284 (full 77):
 PSYoungGen      total 75264K, used 48447K [0x00000000eab00000, 0x00000000f2100000, 0x0000000100000000)
  eden space 39936K, 100% used [0x00000000eab00000,0x00000000ed200000,0x00000000ed200000)
  from space 35328K, 24% used [0x00000000ed200000,0x00000000eda4fe18,0x00000000ef480000)
  to   space 37888K, 0% used [0x00000000efc00000,0x00000000efc00000,0x00000000f2100000)
 ParOldGen       total 455680K, used 455178K [0x00000000c0000000, 0x00000000dbd00000, 0x00000000eab00000)
  object space 455680K, 99% used [0x00000000c0000000,0x00000000dbc82a28,0x00000000dbd00000)
 Metaspace       used 76755K, committed 78144K, reserved 1179648K
  class space    used 8160K, committed 8768K, reserved 1048576K
}
Event: 58.057 GC heap after
{Heap after GC invocations=284 (full 77):
 PSYoungGen      total 75264K, used 48447K [0x00000000eab00000, 0x00000000f2100000, 0x0000000100000000)
  eden space 39936K, 100% used [0x00000000eab00000,0x00000000ed200000,0x00000000ed200000)
  from space 35328K, 24% used [0x00000000ed200000,0x00000000eda4fe18,0x00000000ef480000)
  to   space 37888K, 0% used [0x00000000efc00000,0x00000000efc00000,0x00000000f2100000)
 ParOldGen       total 699392K, used 455178K [0x00000000c0000000, 0x00000000eab00000, 0x00000000eab00000)
  object space 699392K, 65% used [0x00000000c0000000,0x00000000dbc82a28,0x00000000eab00000)
 Metaspace       used 76755K, committed 78144K, reserved 1179648K
  class space    used 8160K, committed 8768K, reserved 1048576K
}
Event: 58.058 GC heap before
{Heap before GC invocations=285 (full 77):
 PSYoungGen      total 75264K, used 48447K [0x00000000eab00000, 0x00000000f2100000, 0x0000000100000000)
  eden space 39936K, 100% used [0x00000000eab00000,0x00000000ed200000,0x00000000ed200000)
  from space 35328K, 24% used [0x00000000ed200000,0x00000000eda4fe18,0x00000000ef480000)
  to   space 37888K, 0% used [0x00000000efc00000,0x00000000efc00000,0x00000000f2100000)
 ParOldGen       total 699392K, used 455180K [0x00000000c0000000, 0x00000000eab00000, 0x00000000eab00000)
  object space 699392K, 65% used [0x00000000c0000000,0x00000000dbc833d8,0x00000000eab00000)
 Metaspace       used 76755K, committed 78144K, reserved 1179648K
  class space    used 8160K, committed 8768K, reserved 1048576K
}
Event: 58.297 GC heap after
{Heap after GC invocations=285 (full 77):
 PSYoungGen      total 68608K, used 37861K [0x00000000eab00000, 0x00000000f3900000, 0x0000000100000000)
  eden space 30720K, 0% used [0x00000000eab00000,0x00000000eab00000,0x00000000ec900000)
  from space 37888K, 99% used [0x00000000efc00000,0x00000000f20f9740,0x00000000f2100000)
  to   space 52224K, 0% used [0x00000000ec900000,0x00000000ec900000,0x00000000efc00000)
 ParOldGen       total 699392K, used 466478K [0x00000000c0000000, 0x00000000eab00000, 0x00000000eab00000)
  object space 699392K, 66% used [0x00000000c0000000,0x00000000dc78b920,0x00000000eab00000)
 Metaspace       used 76755K, committed 78144K, reserved 1179648K
  class space    used 8160K, committed 8768K, reserved 1048576K
}
Event: 60.290 GC heap before
{Heap before GC invocations=286 (full 77):
 PSYoungGen      total 68608K, used 68581K [0x00000000eab00000, 0x00000000f3900000, 0x0000000100000000)
  eden space 30720K, 100% used [0x00000000eab00000,0x00000000ec900000,0x00000000ec900000)
  from space 37888K, 99% used [0x00000000efc00000,0x00000000f20f9740,0x00000000f2100000)
  to   space 52224K, 0% used [0x00000000ec900000,0x00000000ec900000,0x00000000efc00000)
 ParOldGen       total 699392K, used 466478K [0x00000000c0000000, 0x00000000eab00000, 0x00000000eab00000)
  object space 699392K, 66% used [0x00000000c0000000,0x00000000dc78b920,0x00000000eab00000)
 Metaspace       used 76759K, committed 78144K, reserved 1179648K
  class space    used 8160K, committed 8768K, reserved 1048576K
}
Event: 60.361 GC heap after
{Heap after GC invocations=286 (full 77):
 PSYoungGen      total 72704K, used 41886K [0x00000000eab00000, 0x00000000f2080000, 0x0000000100000000)
  eden space 30720K, 0% used [0x00000000eab00000,0x00000000eab00000,0x00000000ec900000)
  from space 41984K, 99% used [0x00000000ec900000,0x00000000ef1e7b78,0x00000000ef200000)
  to   space 44544K, 0% used [0x00000000ef500000,0x00000000ef500000,0x00000000f2080000)
 ParOldGen       total 699392K, used 485181K [0x00000000c0000000, 0x00000000eab00000, 0x00000000eab00000)
  object space 699392K, 69% used [0x00000000c0000000,0x00000000dd9cf5e8,0x00000000eab00000)
 Metaspace       used 76759K, committed 78144K, reserved 1179648K
  class space    used 8160K, committed 8768K, reserved 1048576K
}
Event: 61.297 GC heap before
{Heap before GC invocations=287 (full 77):
 PSYoungGen      total 72704K, used 72606K [0x00000000eab00000, 0x00000000f2080000, 0x0000000100000000)
  eden space 30720K, 100% used [0x00000000eab00000,0x00000000ec900000,0x00000000ec900000)
  from space 41984K, 99% used [0x00000000ec900000,0x00000000ef1e7b78,0x00000000ef200000)
  to   space 44544K, 0% used [0x00000000ef500000,0x00000000ef500000,0x00000000f2080000)
 ParOldGen       total 699392K, used 485181K [0x00000000c0000000, 0x00000000eab00000, 0x00000000eab00000)
  object space 699392K, 69% used [0x00000000c0000000,0x00000000dd9cf5e8,0x00000000eab00000)
 Metaspace       used 76793K, committed 78144K, reserved 1179648K
  class space    used 8161K, committed 8768K, reserved 1048576K
}
Event: 61.360 GC heap after
{Heap after GC invocations=287 (full 77):
 PSYoungGen      total 75264K, used 44531K [0x00000000eab00000, 0x00000000f2080000, 0x0000000100000000)
  eden space 30720K, 0% used [0x00000000eab00000,0x00000000eab00000,0x00000000ec900000)
  from space 44544K, 99% used [0x00000000ef500000,0x00000000f207cc98,0x00000000f2080000)
  to   space 41984K, 0% used [0x00000000ec900000,0x00000000ec900000,0x00000000ef200000)
 ParOldGen       total 699392K, used 488850K [0x00000000c0000000, 0x00000000eab00000, 0x00000000eab00000)
  object space 699392K, 69% used [0x00000000c0000000,0x00000000ddd649e0,0x00000000eab00000)
 Metaspace       used 76793K, committed 78144K, reserved 1179648K
  class space    used 8161K, committed 8768K, reserved 1048576K
}

